yarn run v1.12.0
$ webpack
Child
        Asset     Size  Chunks             Chunk Names
    output.js  117 KiB       0  [emitted]  main
Child
                   Asset     Size  Chunks             Chunk Names
    output.min-pretty.js  187 KiB       0  [emitted]  main
Child
            Asset     Size  Chunks             Chunk Names
    output.min.js  109 KiB       0  [emitted]  main
    [0] ./node_modules/react/index.js 190 bytes {0} [built]
        ModuleConcatenation bailout: Module is not an ECMAScript module
        cjs require react [4] ./node_modules/react-dom/cjs/react-dom.production.min.js 13:20-36
        harmony side effect evaluation react [7] ./src/index.js + 1 modules 1:0-26
        harmony side effect evaluation react [7] ./src/index.js + 1 modules 1:0-26
        harmony import specifier react [7] ./src/index.js + 1 modules 4:16-21
        harmony import specifier react [7] ./src/index.js + 1 modules 4:18-23
        cjs require react [9] ./node_modules/react-hot-loader/dist/react-hot-loader.production.min.js 1:178-194
    [1] ./node_modules/object-assign/index.js 2.06 KiB {0} [built]
        ModuleConcatenation bailout: Module is not an ECMAScript module
        cjs require object-assign [3] ./node_modules/react/cjs/react.production.min.js 10:19-43
        cjs require object-assign [4] ./node_modules/react-dom/cjs/react-dom.production.min.js 13:39-63
    [2] ./node_modules/react-dom/index.js 1.33 KiB {0} [built]
        [only some exports used: default]
        ModuleConcatenation bailout: Module is not an ECMAScript module
        harmony side effect evaluation react-dom [7] ./src/index.js + 1 modules 2:0-33
        harmony import specifier react-dom [7] ./src/index.js + 1 modules 4:0-8
    [3] ./node_modules/react/cjs/react.production.min.js 6.07 KiB {0} [built]
        ModuleConcatenation bailout: Module is not an ECMAScript module
        cjs require ./cjs/react.production.min.js [0] ./node_modules/react/index.js 4:19-59
    [4] ./node_modules/react-dom/cjs/react-dom.production.min.js 98 KiB {0} [built]
        ModuleConcatenation bailout: Module is not an ECMAScript module
        cjs require ./cjs/react-dom.production.min.js [2] ./node_modules/react-dom/index.js 35:19-63
    [5] ./node_modules/scheduler/index.js 198 bytes {0} [built]
        ModuleConcatenation bailout: Module is not an ECMAScript module
        cjs require scheduler [4] ./node_modules/react-dom/cjs/react-dom.production.min.js 13:67-87
    [6] ./node_modules/scheduler/cjs/scheduler.production.min.js 4.79 KiB {0} [built]
        ModuleConcatenation bailout: Module is not an ECMAScript module
        cjs require ./cjs/scheduler.production.min.js [5] ./node_modules/scheduler/index.js 4:19-63
    [7] ./src/index.js + 1 modules 333 bytes {0} [built]
        [no exports]
        ModuleConcatenation bailout: Cannot concat with ./node_modules/react-dom/index.js (<- Module is not an ECMAScript module)
        ModuleConcatenation bailout: Cannot concat with ./node_modules/react/index.js (<- Module is not an ECMAScript module)
        single entry ./src  main
    [8] ./node_modules/react-hot-loader/index.js 676 bytes [built]
        [no exports used]
        ModuleConcatenation bailout: Module is not an ECMAScript module
        harmony side effect evaluation react-hot-loader [7] ./src/index.js + 1 modules 2:0-39
    [9] ./node_modules/react-hot-loader/dist/react-hot-loader.production.min.js 1.32 KiB [built]
        [no exports used]
        ModuleConcatenation bailout: Module is not an ECMAScript module
        cjs require ./dist/react-hot-loader.production.min.js [8] ./node_modules/react-hot-loader/index.js 18:19-71
Done in 2.94s.
